1648565524271	geckodriver	INFO	Listening on 127.0.0.1:49936
1648565524764	mozrunner::runner	INFO	Running command: "/Applications/Firefox.app/Contents/MacOS/firefox-bin" "--marionette" "--remote-debugging-port" "49937" "-foreground" "-no-remote" "-profile" "/var/folders/z7/9gd3qzj55_x43vdsjn5bwyvm0000gn/T/rust_mozprofilevyFRFL"
1648565525671	Marionette	INFO	Marionette enabled
console.warn: SearchSettings: "get: No settings file exists, new profile?" (new NotFoundError("Could not open the file at /var/folders/z7/9gd3qzj55_x43vdsjn5bwyvm0000gn/T/rust_mozprofilevyFRFL/search.json.mozlz4", (void 0)))
console.error: BackgroundUpdate: 
  _reasonsToNotScheduleUpdates: Failed to check for Maintenance Service Registry Key: [Exception... "Component returned failure code: 0x80004001 (NS_ERROR_NOT_IMPLEMENTED) [nsIUpdateProcessor.getServiceRegKeyExists]"  nsresult: "0x80004001 (NS_ERROR_NOT_IMPLEMENTED)"  location: "JS frame :: resource://gre/modules/BackgroundUpdate.jsm :: _reasonsToNotScheduleUpdates :: line 241"  data: no]
DevTools listening on ws://localhost:49937/devtools/browser/e3e1e5fd-1e34-49ac-8e92-2dc8883756f3
1648565529194	Marionette	INFO	Listening on port 49944
1648565529301	RemoteAgent	WARN	TLS certificate errors will be ignored for this session
1648567352957	geckodriver	INFO	Listening on 127.0.0.1:51915
1648567353490	mozrunner::runner	INFO	Running command: "/Applications/Firefox.app/Contents/MacOS/firefox-bin" "--marionette" "--remote-debugging-port" "51916" "-foreground" "-no-remote" "-profile" "/var/folders/z7/9gd3qzj55_x43vdsjn5bwyvm0000gn/T/rust_mozprofilehHVoOV"
1648567354515	Marionette	INFO	Marionette enabled
console.warn: SearchSettings: "get: No settings file exists, new profile?" (new NotFoundError("Could not open the file at /var/folders/z7/9gd3qzj55_x43vdsjn5bwyvm0000gn/T/rust_mozprofilehHVoOV/search.json.mozlz4", (void 0)))
console.error: BackgroundUpdate: 
  _reasonsToNotScheduleUpdates: Failed to check for Maintenance Service Registry Key: [Exception... "Component returned failure code: 0x80004001 (NS_ERROR_NOT_IMPLEMENTED) [nsIUpdateProcessor.getServiceRegKeyExists]"  nsresult: "0x80004001 (NS_ERROR_NOT_IMPLEMENTED)"  location: "JS frame :: resource://gre/modules/BackgroundUpdate.jsm :: _reasonsToNotScheduleUpdates :: line 241"  data: no]
DevTools listening on ws://localhost:51916/devtools/browser/a17d01a0-9eca-4673-9598-1ce086cf5213
1648567358709	Marionette	INFO	Listening on port 51923
1648567358846	RemoteAgent	WARN	TLS certificate errors will be ignored for this session

###!!! [Child][PContentChild] Error: RunMessage(msgname=PContent::Reply_DiscardBrowsingContext) Channel closing: too late to send/recv, messages will be lost


###!!! [Child][PContentChild] Error: RunMessage(msgname=PContent::Reply_DiscardBrowsingContext) Channel closing: too late to send/recv, messages will be lost


###!!! [Child][PContentChild] Error: RunMessage(msgname=PContent::Reply_DiscardBrowsingContext) Channel closing: too late to send/recv, messages will be lost


###!!! [Child][PContentChild] Error: RunMessage(msgname=PContent::Msg_DestroyBrowsingContextGroup) Channel closing: too late to send/recv, messages will be lost


###!!! [Child][PContentChild] Error: RunMessage(msgname=PContent::Reply_DiscardBrowsingContext) Channel closing: too late to send/recv, messages will be lost

1648567386699	Marionette	INFO	Stopped listening on port 51923
console.warn: TopSitesFeed: Failed to fetch data from Contile server: NetworkError when attempting to fetch resource.
1648567466424	geckodriver	INFO	Listening on 127.0.0.1:52143
1648567466460	mozrunner::runner	INFO	Running command: "/Applications/Firefox.app/Contents/MacOS/firefox-bin" "--marionette" "--remote-debugging-port" "52144" "-foreground" "-no-remote" "-profile" "/var/folders/z7/9gd3qzj55_x43vdsjn5bwyvm0000gn/T/rust_mozprofileNvFGR7"
1648567467306	Marionette	INFO	Marionette enabled
console.warn: SearchSettings: "get: No settings file exists, new profile?" (new NotFoundError("Could not open the file at /var/folders/z7/9gd3qzj55_x43vdsjn5bwyvm0000gn/T/rust_mozprofileNvFGR7/search.json.mozlz4", (void 0)))
console.error: BackgroundUpdate: 
  _reasonsToNotScheduleUpdates: Failed to check for Maintenance Service Registry Key: [Exception... "Component returned failure code: 0x80004001 (NS_ERROR_NOT_IMPLEMENTED) [nsIUpdateProcessor.getServiceRegKeyExists]"  nsresult: "0x80004001 (NS_ERROR_NOT_IMPLEMENTED)"  location: "JS frame :: resource://gre/modules/BackgroundUpdate.jsm :: _reasonsToNotScheduleUpdates :: line 241"  data: no]
DevTools listening on ws://localhost:52144/devtools/browser/ffef9129-13b4-4176-bba3-05b85b924386
1648567472598	Marionette	INFO	Listening on port 52149
1648567472715	RemoteAgent	WARN	TLS certificate errors will be ignored for this session
1648567477529	Marionette	INFO	Stopped listening on port 52149
1648567829620	geckodriver	INFO	Listening on 127.0.0.1:52827
1648567830150	mozrunner::runner	INFO	Running command: "/Applications/Firefox.app/Contents/MacOS/firefox-bin" "--marionette" "--remote-debugging-port" "52828" "-foreground" "-no-remote" "-profile" "/var/folders/z7/9gd3qzj55_x43vdsjn5bwyvm0000gn/T/rust_mozprofileXeoWgD"
1648567831306	Marionette	INFO	Marionette enabled
console.warn: SearchSettings: "get: No settings file exists, new profile?" (new NotFoundError("Could not open the file at /var/folders/z7/9gd3qzj55_x43vdsjn5bwyvm0000gn/T/rust_mozprofileXeoWgD/search.json.mozlz4", (void 0)))
console.error: BackgroundUpdate: 
  _reasonsToNotScheduleUpdates: Failed to check for Maintenance Service Registry Key: [Exception... "Component returned failure code: 0x80004001 (NS_ERROR_NOT_IMPLEMENTED) [nsIUpdateProcessor.getServiceRegKeyExists]"  nsresult: "0x80004001 (NS_ERROR_NOT_IMPLEMENTED)"  location: "JS frame :: resource://gre/modules/BackgroundUpdate.jsm :: _reasonsToNotScheduleUpdates :: line 241"  data: no]
DevTools listening on ws://localhost:52828/devtools/browser/a73fba28-ac7d-4264-bc65-d455d6386596
1648567836551	Marionette	INFO	Listening on port 52835
1648567836730	RemoteAgent	WARN	TLS certificate errors will be ignored for this session
1648567842458	Marionette	INFO	Stopped listening on port 52835

###!!! [Parent][PImageBridgeParent] Error: RunMessage(msgname=PImageBridge::Msg_WillClose) Channel closing: too late to send/recv, messages will be lost

1648567859039	geckodriver	INFO	Listening on 127.0.0.1:52969
1648567859077	mozrunner::runner	INFO	Running command: "/Applications/Firefox.app/Contents/MacOS/firefox-bin" "--marionette" "--remote-debugging-port" "52970" "-foreground" "-no-remote" "-profile" "/var/folders/z7/9gd3qzj55_x43vdsjn5bwyvm0000gn/T/rust_mozprofileL9QZmy"
1648567860088	Marionette	INFO	Marionette enabled
console.warn: SearchSettings: "get: No settings file exists, new profile?" (new NotFoundError("Could not open the file at /var/folders/z7/9gd3qzj55_x43vdsjn5bwyvm0000gn/T/rust_mozprofileL9QZmy/search.json.mozlz4", (void 0)))
console.error: BackgroundUpdate: 
  _reasonsToNotScheduleUpdates: Failed to check for Maintenance Service Registry Key: [Exception... "Component returned failure code: 0x80004001 (NS_ERROR_NOT_IMPLEMENTED) [nsIUpdateProcessor.getServiceRegKeyExists]"  nsresult: "0x80004001 (NS_ERROR_NOT_IMPLEMENTED)"  location: "JS frame :: resource://gre/modules/BackgroundUpdate.jsm :: _reasonsToNotScheduleUpdates :: line 241"  data: no]
DevTools listening on ws://localhost:52970/devtools/browser/a9b61934-94e9-46cc-80f3-7b38d0bf2e96
1648567864405	Marionette	INFO	Listening on port 52973
1648567864502	RemoteAgent	WARN	TLS certificate errors will be ignored for this session
1648567868381	Marionette	INFO	Stopped listening on port 52973

###!!! [Parent][PContentParent] Error: Send(msgname=PContent::Reply_DiscardBrowsingContext) Closed channel: cannot send/recv


###!!! [Parent][PContentParent] Error: Send(msgname=PContent::Reply_DiscardBrowsingContext) Closed channel: cannot send/recv


###!!! [Parent][PContentParent] Error: Send(msgname=PContent::Reply_DiscardBrowsingContext) Closed channel: cannot send/recv


###!!! [Parent][PContentParent] Error: Send(msgname=PContent::Reply_DiscardBrowsingContext) Closed channel: cannot send/recv


###!!! [Parent][PContentParent] Error: Send(msgname=PContent::Msg_DestroyBrowsingContextGroup) Closed channel: cannot send/recv

JavaScript error: resource://gre/modules/Sqlite.jsm, line 1105: Error: Sqlite.jsm has been shutdown. Cannot open connection to: /var/folders/z7/9gd3qzj55_x43vdsjn5bwyvm0000gn/T/rust_mozprofileL9QZmy/protections.sqlite

###!!! [Parent][PImageBridgeParent] Error: RunMessage(msgname=PImageBridge::Msg_WillClose) Channel closing: too late to send/recv, messages will be lost

